<?xml version="1.0" encoding="UTF-8"?>
<testng-results skipped="0" failed="0" ignored="0" total="2" passed="2">
  <reporter-output>
  </reporter-output>
  <suite name="Default suite" duration-ms="1579" started-at="2023-05-14T17:36:35 IST" finished-at="2023-05-14T17:36:36 IST">
    <groups>
    </groups>
    <test name="Default test" duration-ms="1579" started-at="2023-05-14T17:36:35 IST" finished-at="2023-05-14T17:36:36 IST">
      <class name="com.tests.LoginTest">
        <test-method status="PASS" signature="setup()[pri:0, instance:com.tests.LoginTest@252a8aae]" name="setup" is-config="true" duration-ms="3555" started-at="2023-05-14T17:36:31 IST" finished-at="2023-05-14T17:36:35 IST">
          <reporter-output>
          </reporter-output>
        </test-method> <!-- setup -->
        <test-method status="PASS" signature="test01()[pri:0, instance:com.tests.LoginTest@252a8aae]" name="test01" duration-ms="1305" started-at="2023-05-14T17:36:35 IST" finished-at="2023-05-14T17:36:36 IST">
          <reporter-output>
          </reporter-output>
        </test-method> <!-- test01 -->
        <test-method status="PASS" signature="test02()[pri:0, instance:com.tests.LoginTest@252a8aae]" name="test02" duration-ms="184" started-at="2023-05-14T17:36:36 IST" finished-at="2023-05-14T17:36:36 IST">
          <reporter-output>
          </reporter-output>
        </test-method> <!-- test02 -->
      </class> <!-- com.tests.LoginTest -->
    </test> <!-- Default test -->
  </suite> <!-- Default suite -->
</testng-results>
